# JRE version: Java(TM) SE Runtime Environment (8.0_92-b14) (build 1.8.0_92-b14)
# Java VM: Java HotSpot(TM) 64-Bit Server VM (25.92-b14 mixed mode linux-amd64 compressed oops)
Heap:
 PSYoungGen      total 591872K, used 296448K [0x0000000789d80000, 0x00000007c0000000, 0x00000007c0000000)
  eden space 296448K, 100% used [0x0000000789d80000,0x000000079bf00000,0x000000079bf00000)
  from space 295424K, 0% used [0x00000007adf80000,0x00000007adf80000,0x00000007c0000000)
  to   space 295424K, 0% used [0x000000079bf00000,0x000000079bf00000,0x00000007adf80000)
 ParOldGen       total 1775104K, used 1775070K [0x000000071d800000, 0x0000000789d80000, 0x0000000789d80000)
  object space 1775104K, 99% used [0x000000071d800000,0x0000000789d77b60,0x0000000789d80000)
 Metaspace       used 9636K, capacity 9958K, committed 10496K, reserved 1058816K
  class space    used 1047K, capacity 1152K, committed 1280K, reserved 1048576K
GC Heap History (10 events):
Event: 264.694 GC heap before
{Heap before GC invocations=69 (full 49):
 PSYoungGen      total 591872K, used 296448K [0x0000000789d80000, 0x00000007c0000000, 0x00000007c0000000)
  eden space 296448K, 100% used [0x0000000789d80000,0x000000079bf00000,0x000000079bf00000)
  from space 295424K, 0% used [0x00000007adf80000,0x00000007adf80000,0x00000007c0000000)
  to   space 295424K, 0% used [0x000000079bf00000,0x000000079bf00000,0x00000007adf80000)
 ParOldGen       total 1775104K, used 1775078K [0x000000071d800000, 0x0000000789d80000, 0x0000000789d80000)
  object space 1775104K, 99% used [0x000000071d800000,0x0000000789d798f0,0x0000000789d80000)
 Metaspace       used 9620K, capacity 9970K, committed 10496K, reserved 1058816K
  class space    used 1046K, capacity 1154K, committed 1280K, reserved 1048576K
Event: 268.354 GC heap after
Heap after GC invocations=69 (full 49):
 PSYoungGen      total 591872K, used 295689K [0x0000000789d80000, 0x00000007c0000000, 0x00000007c0000000)
  eden space 296448K, 99% used [0x0000000789d80000,0x000000079be426e0,0x000000079bf00000)
  from space 295424K, 0% used [0x00000007adf80000,0x00000007adf80000,0x00000007c0000000)
  to   space 295424K, 0% used [0x000000079bf00000,0x000000079bf00000,0x00000007adf80000)
 ParOldGen       total 1775104K, used 1775075K [0x000000071d800000, 0x0000000789d80000, 0x0000000789d80000)
  object space 1775104K, 99% used [0x000000071d800000,0x0000000789d78f30,0x0000000789d80000)
 Metaspace       used 9613K, capacity 9958K, committed 10496K, reserved 1058816K
  class space    used 1045K, capacity 1152K, committed 1280K, reserved 1048576K
}
Event: 268.355 GC heap before
{Heap before GC invocations=70 (full 50):
 PSYoungGen      total 591872K, used 296448K [0x0000000789d80000, 0x00000007c0000000, 0x00000007c0000000)
  eden space 296448K, 100% used [0x0000000789d80000,0x000000079bf00000,0x000000079bf00000)
  from space 295424K, 0% used [0x00000007adf80000,0x00000007adf80000,0x00000007c0000000)
  to   space 295424K, 0% used [0x000000079bf00000,0x000000079bf00000,0x00000007adf80000)
 ParOldGen       total 1775104K, used 1775075K [0x000000071d800000, 0x0000000789d80000, 0x0000000789d80000)
  object space 1775104K, 99% used [0x000000071d800000,0x0000000789d78f30,0x0000000789d80000)
 Metaspace       used 9613K, capacity 9958K, committed 10496K, reserved 1058816K
  class space    used 1045K, capacity 1152K, committed 1280K, reserved 1048576K
Event: 272.142 GC heap after
Heap after GC invocations=70 (full 50):
 PSYoungGen      total 591872K, used 295708K [0x0000000789d80000, 0x00000007c0000000, 0x00000007c0000000)
  eden space 296448K, 99% used [0x0000000789d80000,0x000000079be47288,0x000000079bf00000)
  from space 295424K, 0% used [0x00000007adf80000,0x00000007adf80000,0x00000007c0000000)
  to   space 295424K, 0% used [0x000000079bf00000,0x000000079bf00000,0x00000007adf80000)
 ParOldGen       total 1775104K, used 1775075K [0x000000071d800000, 0x0000000789d80000, 0x0000000789d80000)
  object space 1775104K, 99% used [0x000000071d800000,0x0000000789d78f30,0x0000000789d80000)
 Metaspace       used 9613K, capacity 9958K, committed 10496K, reserved 1058816K
  class space    used 1045K, capacity 1152K, committed 1280K, reserved 1048576K
}
Event: 272.148 GC heap before
{Heap before GC invocations=71 (full 51):
 PSYoungGen      total 591872K, used 296447K [0x0000000789d80000, 0x00000007c0000000, 0x00000007c0000000)
  eden space 296448K, 99% used [0x0000000789d80000,0x000000079befffe8,0x000000079bf00000)
  from space 295424K, 0% used [0x00000007adf80000,0x00000007adf80000,0x00000007c0000000)
  to   space 295424K, 0% used [0x000000079bf00000,0x000000079bf00000,0x00000007adf80000)
 ParOldGen       total 1775104K, used 1775075K [0x000000071d800000, 0x0000000789d80000, 0x0000000789d80000)
  object space 1775104K, 99% used [0x000000071d800000,0x0000000789d78f30,0x0000000789d80000)
 Metaspace       used 9613K, capacity 9958K, committed 10496K, reserved 1058816K
  class space    used 1045K, capacity 1152K, committed 1280K, reserved 1048576K
Event: 278.446 GC heap after
Heap after GC invocations=71 (full 51):
 PSYoungGen      total 591872K, used 296059K [0x0000000789d80000, 0x00000007c0000000, 0x00000007c0000000)
  eden space 296448K, 99% used [0x0000000789d80000,0x000000079be9ee00,0x000000079bf00000)
  from space 295424K, 0% used [0x00000007adf80000,0x00000007adf80000,0x00000007c0000000)
  to   space 295424K, 0% used [0x000000079bf00000,0x000000079bf00000,0x00000007adf80000)
 ParOldGen       total 1775104K, used 1775070K [0x000000071d800000, 0x0000000789d80000, 0x0000000789d80000)
  object space 1775104K, 99% used [0x000000071d800000,0x0000000789d77b60,0x0000000789d80000)
 Metaspace       used 9613K, capacity 9958K, committed 10496K, reserved 1058816K
  class space    used 1045K, capacity 1152K, committed 1280K, reserved 1048576K
}
Event: 278.451 GC heap before
{Heap before GC invocations=72 (full 52):
 PSYoungGen      total 591872K, used 296448K [0x0000000789d80000, 0x00000007c0000000, 0x00000007c0000000)
  eden space 296448K, 100% used [0x0000000789d80000,0x000000079bf00000,0x000000079bf00000)
  from space 295424K, 0% used [0x00000007adf80000,0x00000007adf80000,0x00000007c0000000)
  to   space 295424K, 0% used [0x000000079bf00000,0x000000079bf00000,0x00000007adf80000)
 ParOldGen       total 1775104K, used 1775070K [0x000000071d800000, 0x0000000789d80000, 0x0000000789d80000)
  object space 1775104K, 99% used [0x000000071d800000,0x0000000789d77b60,0x0000000789d80000)
 Metaspace       used 9630K, capacity 9958K, committed 10496K, reserved 1058816K
  class space    used 1046K, capacity 1152K, committed 1280K, reserved 1048576K
Event: 283.321 GC heap after
Heap after GC invocations=72 (full 52):
 PSYoungGen      total 591872K, used 296205K [0x0000000789d80000, 0x00000007c0000000, 0x00000007c0000000)
  eden space 296448K, 99% used [0x0000000789d80000,0x000000079bec3680,0x000000079bf00000)
  from space 295424K, 0% used [0x00000007adf80000,0x00000007adf80000,0x00000007c0000000)
  to   space 295424K, 0% used [0x000000079bf00000,0x000000079bf00000,0x00000007adf80000)
 ParOldGen       total 1775104K, used 1775070K [0x000000071d800000, 0x0000000789d80000, 0x0000000789d80000)
  object space 1775104K, 99% used [0x000000071d800000,0x0000000789d77b60,0x0000000789d80000)
 Metaspace       used 9630K, capacity 9958K, committed 10496K, reserved 1058816K
  class space    used 1046K, capacity 1152K, committed 1280K, reserved 1048576K
}
Event: 283.322 GC heap before
{Heap before GC invocations=73 (full 53):
 PSYoungGen      total 591872K, used 296448K [0x0000000789d80000, 0x00000007c0000000, 0x00000007c0000000)
  eden space 296448K, 100% used [0x0000000789d80000,0x000000079bf00000,0x000000079bf00000)
  from space 295424K, 0% used [0x00000007adf80000,0x00000007adf80000,0x00000007c0000000)
  to   space 295424K, 0% used [0x000000079bf00000,0x000000079bf00000,0x00000007adf80000)
 ParOldGen       total 1775104K, used 1775070K [0x000000071d800000, 0x0000000789d80000, 0x0000000789d80000)
  object space 1775104K, 99% used [0x000000071d800000,0x0000000789d77b60,0x0000000789d80000)
 Metaspace       used 9635K, capacity 9958K, committed 10496K, reserved 1058816K
  class space    used 1047K, capacity 1152K, committed 1280K, reserved 1048576K
Event: 286.828 GC heap after
Heap after GC invocations=73 (full 53):
 PSYoungGen      total 591872K, used 296207K [0x0000000789d80000, 0x00000007c0000000, 0x00000007c0000000)
  eden space 296448K, 99% used [0x0000000789d80000,0x000000079bec3f38,0x000000079bf00000)
  from space 295424K, 0% used [0x00000007adf80000,0x00000007adf80000,0x00000007c0000000)
  to   space 295424K, 0% used [0x000000079bf00000,0x000000079bf00000,0x00000007adf80000)
 ParOldGen       total 1775104K, used 1775070K [0x000000071d800000, 0x0000000789d80000, 0x0000000789d80000)
  object space 1775104K, 99% used [0x000000071d800000,0x0000000789d77b60,0x0000000789d80000)
 Metaspace       used 9635K, capacity 9958K, committed 10496K, reserved 1058816K
  class space    used 1047K, capacity 1152K, committed 1280K, reserved 1048576K
}

